[2023-03-03 08:55:16,525] [homeApp.py:38] [homeApp:__init__] [INFO]- 已初始化HomeApp
[2023-03-03 08:55:16,948] [generateApp.py:50] [generateApp:__init__] [INFO]- 已初始化GenerateApp
[2023-03-03 08:55:18,658] [newsApp.py:73] [newsApp:update_news] [INFO]- 更新一次爬虫
[2023-03-03 08:55:19,698] [summarizeApp.py:47] [summarizeApp:__init__] [INFO]- 已初始化SummarizeApp
[2023-03-03 09:01:21,500] [homeApp.py:38] [homeApp:__init__] [INFO]- 已初始化HomeApp
[2023-03-03 09:01:21,574] [generateApp.py:50] [generateApp:__init__] [INFO]- 已初始化GenerateApp
[2023-03-03 09:01:22,218] [summarizeApp.py:47] [summarizeApp:__init__] [INFO]- 已初始化SummarizeApp
[2023-03-03 09:01:22,656] [newsApp.py:73] [newsApp:update_news] [INFO]- 更新一次爬虫
[2023-03-03 09:08:40,394] [homeApp.py:38] [homeApp:__init__] [INFO]- 已初始化HomeApp
[2023-03-03 09:08:40,459] [generateApp.py:50] [generateApp:__init__] [INFO]- 已初始化GenerateApp
[2023-03-03 09:08:41,125] [summarizeApp.py:47] [summarizeApp:__init__] [INFO]- 已初始化SummarizeApp
[2023-03-03 09:08:41,498] [newsApp.py:73] [newsApp:update_news] [INFO]- 更新一次爬虫
[2023-03-03 09:13:22,045] [homeApp.py:38] [homeApp:__init__] [INFO]- 已初始化HomeApp
[2023-03-03 09:13:22,112] [generateApp.py:50] [generateApp:__init__] [INFO]- 已初始化GenerateApp
[2023-03-03 09:13:22,744] [summarizeApp.py:47] [summarizeApp:__init__] [INFO]- 已初始化SummarizeApp
[2023-03-03 09:13:23,079] [newsApp.py:73] [newsApp:update_news] [INFO]- 更新一次爬虫
[2023-03-03 09:15:40,544] [homeApp.py:38] [homeApp:__init__] [INFO]- 已初始化HomeApp
[2023-03-03 09:15:40,623] [generateApp.py:50] [generateApp:__init__] [INFO]- 已初始化GenerateApp
[2023-03-03 09:15:41,347] [summarizeApp.py:47] [summarizeApp:__init__] [INFO]- 已初始化SummarizeApp
[2023-03-03 09:15:41,658] [newsApp.py:73] [newsApp:update_news] [INFO]- 更新一次爬虫
[2023-03-03 09:17:43,112] [homeApp.py:38] [homeApp:__init__] [INFO]- 已初始化HomeApp
[2023-03-03 09:17:43,179] [generateApp.py:50] [generateApp:__init__] [INFO]- 已初始化GenerateApp
[2023-03-03 09:17:43,864] [summarizeApp.py:47] [summarizeApp:__init__] [INFO]- 已初始化SummarizeApp
[2023-03-03 09:17:44,276] [newsApp.py:73] [newsApp:update_news] [INFO]- 更新一次爬虫
[2023-03-03 09:20:03,687] [homeApp.py:38] [homeApp:__init__] [INFO]- 已初始化HomeApp
[2023-03-03 09:20:03,766] [generateApp.py:50] [generateApp:__init__] [INFO]- 已初始化GenerateApp
[2023-03-03 09:20:04,463] [summarizeApp.py:47] [summarizeApp:__init__] [INFO]- 已初始化SummarizeApp
[2023-03-03 09:20:05,100] [newsApp.py:73] [newsApp:update_news] [INFO]- 更新一次爬虫
[2023-03-03 09:22:07,643] [homeApp.py:38] [homeApp:__init__] [INFO]- 已初始化HomeApp
[2023-03-03 09:22:07,709] [generateApp.py:50] [generateApp:__init__] [INFO]- 已初始化GenerateApp
[2023-03-03 09:22:08,342] [summarizeApp.py:47] [summarizeApp:__init__] [INFO]- 已初始化SummarizeApp
[2023-03-03 09:22:08,693] [newsApp.py:73] [newsApp:update_news] [INFO]- 更新一次爬虫
[2023-03-03 09:22:16,072] [homeApp.py:52] [homeApp:get_text] [ERROR]- HTTPConnectionPool(host='10.22.573.6', port=8080): Max retries exceeded with url: /generate_bySentence?inputContent1=%E5%A4%A7%E6%95%B0%E6%8D%AE&inputContent2=&k=1 (Caused by NewConnectionError('<urllib3.connection.HTTPConnection object at 0x000001DDF6671208>: Failed to establish a new connection: [Errno 11001] getaddrinfo failed'))
[2023-03-03 09:25:41,095] [homeApp.py:38] [homeApp:__init__] [INFO]- 已初始化HomeApp
[2023-03-03 09:25:41,170] [generateApp.py:50] [generateApp:__init__] [INFO]- 已初始化GenerateApp
[2023-03-03 09:25:41,816] [summarizeApp.py:47] [summarizeApp:__init__] [INFO]- 已初始化SummarizeApp
[2023-03-03 09:25:42,224] [newsApp.py:73] [newsApp:update_news] [INFO]- 更新一次爬虫
[2023-03-03 09:26:08,687] [homeApp.py:38] [homeApp:__init__] [INFO]- 已初始化HomeApp
[2023-03-03 09:26:08,770] [generateApp.py:50] [generateApp:__init__] [INFO]- 已初始化GenerateApp
[2023-03-03 09:26:09,523] [summarizeApp.py:47] [summarizeApp:__init__] [INFO]- 已初始化SummarizeApp
[2023-03-03 09:26:09,952] [newsApp.py:73] [newsApp:update_news] [INFO]- 更新一次爬虫
[2023-03-03 09:26:17,087] [homeApp.py:52] [homeApp:get_text] [ERROR]- HTTPConnectionPool(host='10.22.5700.6', port=8080): Max retries exceeded with url: /generate_bySentence?inputContent1=%E4%BD%A0%E8%A7%89%E5%BE%97%E5%91%A2&inputContent2=&k=1 (Caused by NewConnectionError('<urllib3.connection.HTTPConnection object at 0x0000023D252F1B88>: Failed to establish a new connection: [Errno 11001] getaddrinfo failed'))
[2023-03-03 09:26:18,902] [homeApp.py:52] [homeApp:get_text] [ERROR]- HTTPConnectionPool(host='10.22.5700.6', port=8080): Max retries exceeded with url: /generate_bySentence?inputContent1=%E4%BD%A0%E8%A7%89%E5%BE%97%E5%91%A2&inputContent2=%E5%A5%BD%E5%83%8F%E5%87%BA%E9%97%AE%E9%A2%98%E4%BA%86%EF%BC%8C%E8%AF%B7%E5%86%8D%E8%AF%95%E4%B8%80%E6%AC%A1%E6%88%96%E8%81%94%E7%B3%BB%E7%AE%A1%E7%90%86%E5%91%98%EF%BC%9Abryanwang0702@163.com&k=1 (Caused by NewConnectionError('<urllib3.connection.HTTPConnection object at 0x0000023D2534B888>: Failed to establish a new connection: [Errno 11001] getaddrinfo failed'))
[2023-03-03 09:26:20,310] [homeApp.py:52] [homeApp:get_text] [ERROR]- HTTPConnectionPool(host='10.22.5700.6', port=8080): Max retries exceeded with url: /generate_bySentence?inputContent1=%E4%BD%A0%E8%A7%89%E5%BE%97%E5%91%A2&inputContent2=%E5%A5%BD%E5%83%8F%E5%87%BA%E9%97%AE%E9%A2%98%E4%BA%86%EF%BC%8C%E8%AF%B7%E5%86%8D%E8%AF%95%E4%B8%80%E6%AC%A1%E6%88%96%E8%81%94%E7%B3%BB%E7%AE%A1%E7%90%86%E5%91%98%EF%BC%9Abryanwang0702@163.com&k=1 (Caused by NewConnectionError('<urllib3.connection.HTTPConnection object at 0x0000023D2538B9C8>: Failed to establish a new connection: [Errno 11001] getaddrinfo failed'))
[2023-03-03 09:33:58,842] [homeApp.py:38] [homeApp:__init__] [INFO]- 已初始化HomeApp
[2023-03-03 09:33:58,923] [generateApp.py:50] [generateApp:__init__] [INFO]- 已初始化GenerateApp
[2023-03-03 09:33:59,578] [summarizeApp.py:47] [summarizeApp:__init__] [INFO]- 已初始化SummarizeApp
[2023-03-03 09:34:00,038] [newsApp.py:73] [newsApp:update_news] [INFO]- 更新一次爬虫
[2023-03-03 09:37:51,133] [homeApp.py:38] [homeApp:__init__] [INFO]- 已初始化HomeApp
[2023-03-03 09:37:51,206] [generateApp.py:50] [generateApp:__init__] [INFO]- 已初始化GenerateApp
[2023-03-03 09:37:51,900] [summarizeApp.py:47] [summarizeApp:__init__] [INFO]- 已初始化SummarizeApp
[2023-03-03 09:37:52,307] [newsApp.py:73] [newsApp:update_news] [INFO]- 更新一次爬虫
[2023-03-03 09:41:02,729] [homeApp.py:38] [homeApp:__init__] [INFO]- 已初始化HomeApp
[2023-03-03 09:41:02,939] [generateApp.py:50] [generateApp:__init__] [INFO]- 已初始化GenerateApp
[2023-03-03 09:41:07,740] [newsApp.py:73] [newsApp:update_news] [INFO]- 更新一次爬虫
[2023-03-03 09:41:07,888] [summarizeApp.py:47] [summarizeApp:__init__] [INFO]- 已初始化SummarizeApp
[2023-03-03 10:03:27,811] [homeApp.py:38] [homeApp:__init__] [INFO]- 已初始化HomeApp
[2023-03-03 10:03:27,875] [generateApp.py:50] [generateApp:__init__] [INFO]- 已初始化GenerateApp
[2023-03-03 10:03:29,005] [summarizeApp.py:47] [summarizeApp:__init__] [INFO]- 已初始化SummarizeApp
[2023-03-03 10:03:29,274] [newsApp.py:73] [newsApp:update_news] [INFO]- 更新一次爬虫
